#! /c/Source/iverilog-install/bin/vvp
:ivl_version "12.0 (devel)" "(s20150603-1110-g18392a46)";
:ivl_delay_selection "TYPICAL";
:vpi_time_precision + 0;
:vpi_module "C:\iverilog\lib\ivl\system.vpi";
:vpi_module "C:\iverilog\lib\ivl\vhdl_sys.vpi";
:vpi_module "C:\iverilog\lib\ivl\vhdl_textio.vpi";
:vpi_module "C:\iverilog\lib\ivl\v2005_math.vpi";
:vpi_module "C:\iverilog\lib\ivl\va_math.vpi";
S_000002830b047c00 .scope module, "REGISTER" "REGISTER" 2 1;
 .timescale 0 0;
    .port_info 0 /INPUT 1 "clk";
    .port_info 1 /INPUT 1 "rst";
    .port_info 2 /INPUT 5 "reg_read1";
    .port_info 3 /INPUT 5 "reg_read2";
    .port_info 4 /INPUT 5 "reg_write";
    .port_info 5 /INPUT 32 "write_data";
    .port_info 6 /INPUT 1 "do_reg_write";
    .port_info 7 /OUTPUT 32 "read_data1";
    .port_info 8 /OUTPUT 32 "read_data2";
P_000002830b022b20 .param/l "REG_NUM_BITWIDTH" 0 2 2, +C4<00000000000000000000000000000101>;
P_000002830b022b58 .param/l "WORD_BITWIDTH" 0 2 3, +C4<00000000000000000000000000100000>;
o000002830b057f78 .functor BUFZ 1, C4<z>; HiZ drive
v000002830b047eb0_0 .net "clk", 0 0, o000002830b057f78;  0 drivers
o000002830b057fa8 .functor BUFZ 1, C4<z>; HiZ drive
v000002830b047f50_0 .net "do_reg_write", 0 0, o000002830b057fa8;  0 drivers
v000002830b0228d0_0 .var "read_data1", 31 0;
v000002830b09d000_0 .var "read_data2", 31 0;
v000002830b09d0a0 .array "reg_file", 0 31, 31 0;
o000002830b058638 .functor BUFZ 5, C4<zzzzz>; HiZ drive
v000002830b09d250_0 .net "reg_read1", 4 0, o000002830b058638;  0 drivers
o000002830b058668 .functor BUFZ 5, C4<zzzzz>; HiZ drive
v000002830b09d2f0_0 .net "reg_read2", 4 0, o000002830b058668;  0 drivers
o000002830b058698 .functor BUFZ 5, C4<zzzzz>; HiZ drive
v000002830b09d390_0 .net "reg_write", 4 0, o000002830b058698;  0 drivers
o000002830b0586c8 .functor BUFZ 1, C4<z>; HiZ drive
v000002830b09d430_0 .net "rst", 0 0, o000002830b0586c8;  0 drivers
o000002830b0586f8 .functor BUFZ 32, C4<zzzzzzzzzzzzzzzzzzzzzzzzzzzzzzzz>; HiZ drive
v000002830b09d560_0 .net "write_data", 31 0, o000002830b0586f8;  0 drivers
v000002830b09d0a0_0 .array/port v000002830b09d0a0, 0;
v000002830b09d0a0_1 .array/port v000002830b09d0a0, 1;
v000002830b09d0a0_2 .array/port v000002830b09d0a0, 2;
E_000002830b009790/0 .event anyedge, v000002830b09d250_0, v000002830b09d0a0_0, v000002830b09d0a0_1, v000002830b09d0a0_2;
v000002830b09d0a0_3 .array/port v000002830b09d0a0, 3;
v000002830b09d0a0_4 .array/port v000002830b09d0a0, 4;
v000002830b09d0a0_5 .array/port v000002830b09d0a0, 5;
v000002830b09d0a0_6 .array/port v000002830b09d0a0, 6;
E_000002830b009790/1 .event anyedge, v000002830b09d0a0_3, v000002830b09d0a0_4, v000002830b09d0a0_5, v000002830b09d0a0_6;
v000002830b09d0a0_7 .array/port v000002830b09d0a0, 7;
v000002830b09d0a0_8 .array/port v000002830b09d0a0, 8;
v000002830b09d0a0_9 .array/port v000002830b09d0a0, 9;
v000002830b09d0a0_10 .array/port v000002830b09d0a0, 10;
E_000002830b009790/2 .event anyedge, v000002830b09d0a0_7, v000002830b09d0a0_8, v000002830b09d0a0_9, v000002830b09d0a0_10;
v000002830b09d0a0_11 .array/port v000002830b09d0a0, 11;
v000002830b09d0a0_12 .array/port v000002830b09d0a0, 12;
v000002830b09d0a0_13 .array/port v000002830b09d0a0, 13;
v000002830b09d0a0_14 .array/port v000002830b09d0a0, 14;
E_000002830b009790/3 .event anyedge, v000002830b09d0a0_11, v000002830b09d0a0_12, v000002830b09d0a0_13, v000002830b09d0a0_14;
v000002830b09d0a0_15 .array/port v000002830b09d0a0, 15;
v000002830b09d0a0_16 .array/port v000002830b09d0a0, 16;
v000002830b09d0a0_17 .array/port v000002830b09d0a0, 17;
v000002830b09d0a0_18 .array/port v000002830b09d0a0, 18;
E_000002830b009790/4 .event anyedge, v000002830b09d0a0_15, v000002830b09d0a0_16, v000002830b09d0a0_17, v000002830b09d0a0_18;
v000002830b09d0a0_19 .array/port v000002830b09d0a0, 19;
v000002830b09d0a0_20 .array/port v000002830b09d0a0, 20;
v000002830b09d0a0_21 .array/port v000002830b09d0a0, 21;
v000002830b09d0a0_22 .array/port v000002830b09d0a0, 22;
E_000002830b009790/5 .event anyedge, v000002830b09d0a0_19, v000002830b09d0a0_20, v000002830b09d0a0_21, v000002830b09d0a0_22;
v000002830b09d0a0_23 .array/port v000002830b09d0a0, 23;
v000002830b09d0a0_24 .array/port v000002830b09d0a0, 24;
v000002830b09d0a0_25 .array/port v000002830b09d0a0, 25;
v000002830b09d0a0_26 .array/port v000002830b09d0a0, 26;
E_000002830b009790/6 .event anyedge, v000002830b09d0a0_23, v000002830b09d0a0_24, v000002830b09d0a0_25, v000002830b09d0a0_26;
v000002830b09d0a0_27 .array/port v000002830b09d0a0, 27;
v000002830b09d0a0_28 .array/port v000002830b09d0a0, 28;
v000002830b09d0a0_29 .array/port v000002830b09d0a0, 29;
v000002830b09d0a0_30 .array/port v000002830b09d0a0, 30;
E_000002830b009790/7 .event anyedge, v000002830b09d0a0_27, v000002830b09d0a0_28, v000002830b09d0a0_29, v000002830b09d0a0_30;
v000002830b09d0a0_31 .array/port v000002830b09d0a0, 31;
E_000002830b009790/8 .event anyedge, v000002830b09d0a0_31, v000002830b09d2f0_0;
E_000002830b009790 .event/or E_000002830b009790/0, E_000002830b009790/1, E_000002830b009790/2, E_000002830b009790/3, E_000002830b009790/4, E_000002830b009790/5, E_000002830b009790/6, E_000002830b009790/7, E_000002830b009790/8;
E_000002830b009490/0 .event negedge, v000002830b09d430_0;
E_000002830b009490/1 .event posedge, v000002830b047eb0_0;
E_000002830b009490 .event/or E_000002830b009490/0, E_000002830b009490/1;
    .scope S_000002830b047c00;
T_0 ;
    %wait E_000002830b009490;
    %load/vec4 v000002830b09d430_0;
    %nor/r;
    %flag_set/vec4 8;
    %jmp/0xz  T_0.0, 8;
    %pushi/vec4 0, 0, 32;
    %assign/vec4 v000002830b0228d0_0, 0;
    %pushi/vec4 0, 0, 32;
    %assign/vec4 v000002830b09d000_0, 0;
    %jmp T_0.1;
T_0.0 ;
    %load/vec4 v000002830b047f50_0;
    %flag_set/vec4 8;
    %jmp/0xz  T_0.2, 8;
    %load/vec4 v000002830b09d560_0;
    %load/vec4 v000002830b09d390_0;
    %pad/u 7;
    %ix/vec4 3;
    %ix/load 4, 0, 0; Constant delay
    %assign/vec4/a/d v000002830b09d0a0, 0, 4;
    %jmp T_0.3;
T_0.2 ;
    %load/vec4 v000002830b09d390_0;
    %pad/u 7;
    %ix/vec4 4;
    %load/vec4a v000002830b09d0a0, 4;
    %load/vec4 v000002830b09d390_0;
    %pad/u 7;
    %ix/vec4 3;
    %ix/load 4, 0, 0; Constant delay
    %assign/vec4/a/d v000002830b09d0a0, 0, 4;
T_0.3 ;
T_0.1 ;
    %jmp T_0;
    .thread T_0;
    .scope S_000002830b047c00;
T_1 ;
    %wait E_000002830b009790;
    %load/vec4 v000002830b09d250_0;
    %pad/u 7;
    %ix/vec4 4;
    %load/vec4a v000002830b09d0a0, 4;
    %store/vec4 v000002830b0228d0_0, 0, 32;
    %load/vec4 v000002830b09d2f0_0;
    %pad/u 7;
    %ix/vec4 4;
    %load/vec4a v000002830b09d0a0, 4;
    %store/vec4 v000002830b09d000_0, 0, 32;
    %jmp T_1;
    .thread T_1, $push;
# The file index is used to find the file name in the following table.
:file_names 3;
    "N/A";
    "<interactive>";
    "register.v";
