#! /c/Source/iverilog-install/bin/vvp
:ivl_version "12.0 (devel)" "(s20150603-1110-g18392a46)";
:ivl_delay_selection "TYPICAL";
:vpi_time_precision + 0;
:vpi_module "C:\iverilog\lib\ivl\system.vpi";
:vpi_module "C:\iverilog\lib\ivl\vhdl_sys.vpi";
:vpi_module "C:\iverilog\lib\ivl\vhdl_textio.vpi";
:vpi_module "C:\iverilog\lib\ivl\v2005_math.vpi";
:vpi_module "C:\iverilog\lib\ivl\va_math.vpi";
S_00000167803c6840 .scope module, "IF" "IF" 2 2;
 .timescale 0 0;
    .port_info 0 /INPUT 1 "clk";
    .port_info 1 /INPUT 1 "rst";
    .port_info 2 /INPUT 1 "branch_pc";
    .port_info 3 /INPUT 1 "zero";
    .port_info 4 /INPUT 32 "imm";
    .port_info 5 /OUTPUT 32 "pc";
P_000001678037b540 .param/l "REG_NUM_BITWIDTH" 0 2 3, +C4<00000000000000000000000000000101>;
P_000001678037b578 .param/l "WORD_BITWIDTH" 0 2 4, +C4<00000000000000000000000000100000>;
o00000167803c8218 .functor BUFZ 1, C4<z>; HiZ drive
o00000167803c8308 .functor BUFZ 1, C4<z>; HiZ drive
L_00000167803c6ca0 .functor AND 1, o00000167803c8218, o00000167803c8308, C4<1>, C4<1>;
v00000167803c6c00_0 .net *"_ivl_10", 30 0, L_00000167803c4480;  1 drivers
L_000001678040c8a0 .functor BUFT 1, C4<0>, C4<0>, C4<0>, C4<0>;
v00000167803c3850_0 .net *"_ivl_12", 0 0, L_000001678040c8a0;  1 drivers
L_000001678040c858 .functor BUFT 1, C4<00000000000000000000000000000100>, C4<0>, C4<0>, C4<0>;
v00000167803c38f0_0 .net/2u *"_ivl_2", 31 0, L_000001678040c858;  1 drivers
v00000167803c3990_0 .net *"_ivl_6", 31 0, L_00000167803c47a0;  1 drivers
v00000167803c3a30_0 .net "branch_pc", 0 0, o00000167803c8218;  0 drivers
o00000167803c8248 .functor BUFZ 1, C4<z>; HiZ drive
v00000167803c3ad0_0 .net "clk", 0 0, o00000167803c8248;  0 drivers
o00000167803c8278 .functor BUFZ 32, C4<zzzzzzzzzzzzzzzzzzzzzzzzzzzzzzzz>; HiZ drive
v00000167803c3b70_0 .net "imm", 31 0, o00000167803c8278;  0 drivers
v00000167803c3c10_0 .net "next_pc", 31 0, v00000167803c6b60_0;  1 drivers
v00000167803c3da0_0 .var "pc", 31 0;
o00000167803c82d8 .functor BUFZ 1, C4<z>; HiZ drive
v00000167803c4160_0 .net "rst", 0 0, o00000167803c82d8;  0 drivers
v00000167803c4660_0 .net "zero", 0 0, o00000167803c8308;  0 drivers
E_0000016780379350/0 .event negedge, v00000167803c4160_0;
E_0000016780379350/1 .event posedge, v00000167803c3ad0_0;
E_0000016780379350 .event/or E_0000016780379350/0, E_0000016780379350/1;
L_00000167803c4700 .arith/sum 32, v00000167803c3da0_0, L_000001678040c858;
L_00000167803c47a0 .arith/sum 32, v00000167803c3da0_0, o00000167803c8278;
L_00000167803c4480 .part L_00000167803c47a0, 0, 31;
L_00000167803c4520 .concat [ 1 31 0 0], L_000001678040c8a0, L_00000167803c4480;
S_00000167803c69d0 .scope module, "mux" "MUX" 2 15, 3 2 0, S_00000167803c6840;
 .timescale 0 0;
    .port_info 0 /INPUT 1 "control";
    .port_info 1 /INPUT 32 "in0";
    .port_info 2 /INPUT 32 "in1";
    .port_info 3 /OUTPUT 32 "out";
v000001678037b100_0 .net "control", 0 0, L_00000167803c6ca0;  1 drivers
v0000016780393020_0 .net "in0", 31 0, L_00000167803c4700;  1 drivers
v000001678037abf0_0 .net "in1", 31 0, L_00000167803c4520;  1 drivers
v00000167803c6b60_0 .var "out", 31 0;
E_0000016780378910 .event anyedge, v000001678037b100_0, v0000016780393020_0, v000001678037abf0_0;
    .scope S_00000167803c69d0;
T_0 ;
    %wait E_0000016780378910;
    %load/vec4 v000001678037b100_0;
    %flag_set/vec4 8;
    %jmp/0 T_0.0, 8;
    %load/vec4 v0000016780393020_0;
    %jmp/1 T_0.1, 8;
T_0.0 ; End of true expr.
    %load/vec4 v000001678037abf0_0;
    %jmp/0 T_0.1, 8;
 ; End of false expr.
    %blend;
T_0.1;
    %store/vec4 v00000167803c6b60_0, 0, 32;
    %jmp T_0;
    .thread T_0, $push;
    .scope S_00000167803c6840;
T_1 ;
    %wait E_0000016780379350;
    %load/vec4 v00000167803c4160_0;
    %flag_set/vec4 8;
    %jmp/0xz  T_1.0, 8;
    %pushi/vec4 0, 0, 32;
    %assign/vec4 v00000167803c3da0_0, 0;
    %jmp T_1.1;
T_1.0 ;
    %load/vec4 v00000167803c3c10_0;
    %assign/vec4 v00000167803c3da0_0, 0;
T_1.1 ;
    %jmp T_1;
    .thread T_1;
# The file index is used to find the file name in the following table.
:file_names 4;
    "N/A";
    "<interactive>";
    "if.v";
    "./../mux/mux.v";
