#! /c/Source/iverilog-install/bin/vvp
:ivl_version "12.0 (devel)" "(s20150603-1110-g18392a46)";
:ivl_delay_selection "TYPICAL";
:vpi_time_precision + 0;
:vpi_module "C:\iverilog\lib\ivl\system.vpi";
:vpi_module "C:\iverilog\lib\ivl\vhdl_sys.vpi";
:vpi_module "C:\iverilog\lib\ivl\vhdl_textio.vpi";
:vpi_module "C:\iverilog\lib\ivl\v2005_math.vpi";
:vpi_module "C:\iverilog\lib\ivl\va_math.vpi";
S_000001e88effd230 .scope module, "riscv" "riscv" 2 7;
 .timescale 0 0;
    .port_info 0 /INPUT 1 "clk";
    .port_info 1 /INPUT 1 "rst";
    .port_info 2 /INPUT 32 "inst_i";
    .port_info 3 /OUTPUT 32 "inst_addr_o";
    .port_info 4 /OUTPUT 1 "inst_ce_o";
    .port_info 5 /INPUT 32 "data_i";
    .port_info 6 /OUTPUT 1 "data_we_o";
    .port_info 7 /OUTPUT 1 "data_ce_o";
    .port_info 8 /OUTPUT 32 "data_addr_o";
    .port_info 9 /OUTPUT 32 "data_o";
P_000001e88efaafa0 .param/l "REG_NUM_BITWIDTH" 0 2 8, +C4<00000000000000000000000000000101>;
P_000001e88efaafd8 .param/l "WORD_BITWIDTH" 0 2 9, +C4<00000000000000000000000000100000>;
v000001e88f05e1c0_0 .net "ALUOp", 1 0, v000001e88f05ce30_0;  1 drivers
v000001e88f05e4e0_0 .net "ALUSrc", 0 0, v000001e88f05c6b0_0;  1 drivers
v000001e88f05fca0_0 .net "ALUresult", 31 0, v000001e88eff8010_0;  1 drivers
v000001e88f05eda0_0 .net "ALUzero", 0 0, L_000001e88f05f7a0;  1 drivers
v000001e88f05fd40_0 .net *"_ivl_1", 0 0, L_000001e88f05e300;  1 drivers
v000001e88f05e620_0 .net *"_ivl_3", 2 0, L_000001e88f05ec60;  1 drivers
v000001e88f05f200_0 .net "branch", 0 0, v000001e88f05da10_0;  1 drivers
o000001e88f004758 .functor BUFZ 1, C4<z>; HiZ drive
v000001e88f05f340_0 .net "clk", 0 0, o000001e88f004758;  0 drivers
o000001e88f005478 .functor BUFZ 32, C4<zzzzzzzzzzzzzzzzzzzzzzzzzzzzzzzz>; HiZ drive
v000001e88f05e080_0 .net "data_addr_o", 31 0, o000001e88f005478;  0 drivers
o000001e88f0054a8 .functor BUFZ 1, C4<z>; HiZ drive
v000001e88f05eee0_0 .net "data_ce_o", 0 0, o000001e88f0054a8;  0 drivers
o000001e88f0054d8 .functor BUFZ 32, C4<zzzzzzzzzzzzzzzzzzzzzzzzzzzzzzzz>; HiZ drive
v000001e88f05fde0_0 .net "data_i", 31 0, o000001e88f0054d8;  0 drivers
o000001e88f005508 .functor BUFZ 32, C4<zzzzzzzzzzzzzzzzzzzzzzzzzzzzzzzz>; HiZ drive
v000001e88f05e940_0 .net "data_o", 31 0, o000001e88f005508;  0 drivers
o000001e88f005538 .functor BUFZ 1, C4<z>; HiZ drive
v000001e88f05fb60_0 .net "data_we_o", 0 0, o000001e88f005538;  0 drivers
v000001e88f05f020_0 .net "imm", 31 0, v000001e88f05c890_0;  1 drivers
v000001e88f05f160_0 .net "inst_addr_o", 31 0, v000001e88f05cf70_0;  1 drivers
o000001e88f005568 .functor BUFZ 1, C4<z>; HiZ drive
v000001e88f05e6c0_0 .net "inst_ce_o", 0 0, o000001e88f005568;  0 drivers
o000001e88f004218 .functor BUFZ 32, C4<zzzzzzzzzzzzzzzzzzzzzzzzzzzzzzzz>; HiZ drive
v000001e88f05e9e0_0 .net "inst_i", 31 0, o000001e88f004218;  0 drivers
v000001e88f05f840_0 .net "memRead", 0 0, v000001e88f05c750_0;  1 drivers
v000001e88f05e760_0 .net "memToReg", 0 0, v000001e88f05cc50_0;  1 drivers
v000001e88f05f980_0 .net "memWrite", 0 0, v000001e88f05d790_0;  1 drivers
v000001e88f05f660_0 .net "regReadData1", 31 0, v000001e88f05e440_0;  1 drivers
v000001e88f05e800_0 .net "regReadData2", 31 0, v000001e88f05fe80_0;  1 drivers
v000001e88f05f8e0_0 .net "regToRead1", 4 0, L_000001e88f05ebc0;  1 drivers
v000001e88f05e8a0_0 .net "regToRead2", 4 0, L_000001e88f05f480;  1 drivers
v000001e88f05ef80_0 .net "regToWrite", 4 0, L_000001e88f05fac0;  1 drivers
v000001e88f05f2a0_0 .net "regWrite", 0 0, v000001e88f05d290_0;  1 drivers
o000001e88f0047b8 .functor BUFZ 1, C4<z>; HiZ drive
v000001e88f05f0c0_0 .net "rst", 0 0, o000001e88f0047b8;  0 drivers
L_000001e88f05e300 .part o000001e88f004218, 30, 1;
L_000001e88f05ec60 .part o000001e88f004218, 12, 3;
L_000001e88f05ed00 .concat [ 3 1 0 0], L_000001e88f05ec60, L_000001e88f05e300;
S_000001e88efe32f0 .scope module, "ex_u" "EX" 2 97, 3 3 0, S_000001e88effd230;
 .timescale 0 0;
    .port_info 0 /INPUT 32 "regReadData1";
    .port_info 1 /INPUT 32 "regReadData2";
    .port_info 2 /INPUT 32 "imm";
    .port_info 3 /INPUT 1 "ALUSrc";
    .port_info 4 /INPUT 2 "ALUOp";
    .port_info 5 /INPUT 4 "inst_ALU";
    .port_info 6 /OUTPUT 1 "zero";
    .port_info 7 /OUTPUT 32 "ALUresult";
P_000001e88efe3480 .param/l "ADD" 0 3 6, C4<0010>;
P_000001e88efe34b8 .param/l "AND" 0 3 4, C4<0000>;
P_000001e88efe34f0 .param/l "OR" 0 3 5, C4<0001>;
P_000001e88efe3528 .param/l "REG_NUM_BITWIDTH" 0 3 11, +C4<00000000000000000000000000000101>;
P_000001e88efe3560 .param/l "SLL" 0 3 9, C4<0100>;
P_000001e88efe3598 .param/l "SRL" 0 3 10, C4<0101>;
P_000001e88efe35d0 .param/l "SUBTRACT" 0 3 7, C4<0110>;
P_000001e88efe3608 .param/l "WORD_BITWIDTH" 0 3 12, +C4<00000000000000000000000000100000>;
P_000001e88efe3640 .param/l "XOR" 0 3 8, C4<0011>;
L_000001e88f000d20 .functor BUFZ 32, v000001e88f05e440_0, C4<00000000000000000000000000000000>, C4<00000000000000000000000000000000>, C4<00000000000000000000000000000000>;
v000001e88eff8d30_0 .net "ALUOp", 1 0, v000001e88f05ce30_0;  alias, 1 drivers
v000001e88eff8790_0 .net "ALUSrc", 0 0, v000001e88f05c6b0_0;  alias, 1 drivers
v000001e88eff7e30_0 .net "ALUresult", 31 0, v000001e88eff8010_0;  alias, 1 drivers
v000001e88eff7ed0_0 .net "addend1", 31 0, L_000001e88f000d20;  1 drivers
v000001e88f05cd90_0 .net "addend2", 31 0, v000001e88eff86f0_0;  1 drivers
v000001e88f05d8d0_0 .net "imm", 31 0, v000001e88f05c890_0;  alias, 1 drivers
v000001e88f05d1f0_0 .net "inst_ALU", 3 0, L_000001e88f05ed00;  1 drivers
v000001e88f05ccf0_0 .var "operation", 3 0;
v000001e88f05c570_0 .net "regReadData1", 31 0, v000001e88f05e440_0;  alias, 1 drivers
v000001e88f05c2f0_0 .net "regReadData2", 31 0, v000001e88f05fe80_0;  alias, 1 drivers
v000001e88f05c610_0 .net "zero", 0 0, L_000001e88f05f7a0;  alias, 1 drivers
E_000001e88ef6b400 .event anyedge, v000001e88eff8d30_0, v000001e88f05d1f0_0, v000001e88eff8bf0_0;
S_000001e88efdba20 .scope module, "alu" "ALU" 3 75, 4 1 0, S_000001e88efe32f0;
 .timescale 0 0;
    .port_info 0 /INPUT 4 "operation";
    .port_info 1 /INPUT 32 "addend1";
    .port_info 2 /INPUT 32 "addend2";
    .port_info 3 /OUTPUT 1 "zero";
    .port_info 4 /OUTPUT 32 "result";
P_000001e88efdbbb0 .param/l "ADD" 0 4 4, C4<0010>;
P_000001e88efdbbe8 .param/l "AND" 0 4 2, C4<0000>;
P_000001e88efdbc20 .param/l "OR" 0 4 3, C4<0001>;
P_000001e88efdbc58 .param/l "REG_NUM_BITWIDTH" 0 4 9, +C4<00000000000000000000000000000101>;
P_000001e88efdbc90 .param/l "SLL" 0 4 7, C4<0100>;
P_000001e88efdbcc8 .param/l "SRL" 0 4 8, C4<0101>;
P_000001e88efdbd00 .param/l "SUBTRACT" 0 4 5, C4<0110>;
P_000001e88efdbd38 .param/l "WORD_BITWIDTH" 0 4 10, +C4<00000000000000000000000000100000>;
P_000001e88efdbd70 .param/l "XOR" 0 4 6, C4<0011>;
L_000001e88f3b0118 .functor BUFT 1, C4<00000000000000000000000000000000>, C4<0>, C4<0>, C4<0>;
v000001e88eff8330_0 .net/2u *"_ivl_0", 31 0, L_000001e88f3b0118;  1 drivers
v000001e88eff8b50_0 .net "addend1", 31 0, L_000001e88f000d20;  alias, 1 drivers
v000001e88eff88d0_0 .net "addend2", 31 0, v000001e88eff86f0_0;  alias, 1 drivers
v000001e88eff8bf0_0 .net "operation", 3 0, v000001e88f05ccf0_0;  1 drivers
v000001e88eff8010_0 .var "result", 31 0;
v000001e88eff85b0_0 .net "zero", 0 0, L_000001e88f05f7a0;  alias, 1 drivers
E_000001e88ef6b900 .event anyedge, v000001e88eff8bf0_0, v000001e88eff8b50_0, v000001e88eff88d0_0;
L_000001e88f05f7a0 .cmp/eq 32, v000001e88eff8010_0, L_000001e88f3b0118;
S_000001e88efdfc20 .scope module, "mux" "MUX" 3 26, 5 1 0, S_000001e88efe32f0;
 .timescale 0 0;
    .port_info 0 /INPUT 1 "control";
    .port_info 1 /INPUT 32 "in0";
    .port_info 2 /INPUT 32 "in1";
    .port_info 3 /OUTPUT 32 "out";
P_000001e88efaa7a0 .param/l "REG_NUM_BITWIDTH" 0 5 2, +C4<00000000000000000000000000000101>;
P_000001e88efaa7d8 .param/l "WORD_BITWIDTH" 0 5 3, +C4<00000000000000000000000000100000>;
v000001e88eff8c90_0 .net "control", 0 0, v000001e88f05c6b0_0;  alias, 1 drivers
v000001e88eff8970_0 .net "in0", 31 0, v000001e88f05fe80_0;  alias, 1 drivers
v000001e88eff8650_0 .net "in1", 31 0, v000001e88f05c890_0;  alias, 1 drivers
v000001e88eff86f0_0 .var "out", 31 0;
E_000001e88ef6bd40 .event anyedge, v000001e88eff8c90_0, v000001e88eff8970_0, v000001e88eff8650_0;
S_000001e88efdfdb0 .scope module, "id_u" "ID" 2 64, 6 2 0, S_000001e88effd230;
 .timescale 0 0;
    .port_info 0 /INPUT 32 "instruction";
    .port_info 1 /OUTPUT 1 "branch";
    .port_info 2 /OUTPUT 1 "memRead";
    .port_info 3 /OUTPUT 1 "memToReg";
    .port_info 4 /OUTPUT 2 "ALUOp";
    .port_info 5 /OUTPUT 1 "memWrite";
    .port_info 6 /OUTPUT 1 "ALUSrc";
    .port_info 7 /OUTPUT 1 "regWrite";
    .port_info 8 /OUTPUT 5 "regToRead1";
    .port_info 9 /OUTPUT 5 "regToRead2";
    .port_info 10 /OUTPUT 5 "regToWrite";
    .port_info 11 /OUTPUT 32 "imm";
P_000001e88efbdc40 .param/l "INST_B" 0 6 7, C4<1100011>;
P_000001e88efbdc78 .param/l "INST_I_IMM" 0 6 5, C4<0010011>;
P_000001e88efbdcb0 .param/l "INST_I_LD" 0 6 4, C4<0000011>;
P_000001e88efbdce8 .param/l "INST_J" 0 6 8, C4<1101111>;
P_000001e88efbdd20 .param/l "INST_R" 0 6 3, C4<0110011>;
P_000001e88efbdd58 .param/l "INST_S" 0 6 6, C4<0100011>;
P_000001e88efbdd90 .param/l "INST_U" 0 6 9, C4<0010011>;
P_000001e88efbddc8 .param/l "REG_NUM_BITWIDTH" 0 6 10, +C4<00000000000000000000000000000101>;
P_000001e88efbde00 .param/l "WORD_BITWIDTH" 0 6 11, +C4<00000000000000000000000000100000>;
v000001e88f05c7f0_0 .net "ALUOp", 1 0, v000001e88f05ce30_0;  alias, 1 drivers
v000001e88f05c110_0 .net "ALUSrc", 0 0, v000001e88f05c6b0_0;  alias, 1 drivers
v000001e88f05c1b0_0 .net "branch", 0 0, v000001e88f05da10_0;  alias, 1 drivers
v000001e88f05c890_0 .var "imm", 31 0;
v000001e88f05c390_0 .net "instruction", 31 0, o000001e88f004218;  alias, 0 drivers
v000001e88f05d650_0 .net "memRead", 0 0, v000001e88f05c750_0;  alias, 1 drivers
v000001e88f05c4d0_0 .net "memToReg", 0 0, v000001e88f05cc50_0;  alias, 1 drivers
v000001e88f05dab0_0 .net "memWrite", 0 0, v000001e88f05d790_0;  alias, 1 drivers
v000001e88f05c430_0 .net "regToRead1", 4 0, L_000001e88f05ebc0;  alias, 1 drivers
v000001e88f05d970_0 .net "regToRead2", 4 0, L_000001e88f05f480;  alias, 1 drivers
v000001e88f05db50_0 .net "regToWrite", 4 0, L_000001e88f05fac0;  alias, 1 drivers
v000001e88f05d330_0 .net "regWrite", 0 0, v000001e88f05d290_0;  alias, 1 drivers
E_000001e88ef6bcc0 .event anyedge, v000001e88f05c390_0, v000001e88eff8650_0;
L_000001e88f05ebc0 .part o000001e88f004218, 15, 5;
L_000001e88f05f480 .part o000001e88f004218, 20, 5;
L_000001e88f05fac0 .part o000001e88f004218, 7, 5;
L_000001e88f05e260 .part o000001e88f004218, 0, 7;
S_000001e88efdff40 .scope module, "control" "CONTROL" 6 38, 7 1 0, S_000001e88efdfdb0;
 .timescale 0 0;
    .port_info 0 /INPUT 7 "opcode";
    .port_info 1 /OUTPUT 1 "branch";
    .port_info 2 /OUTPUT 1 "memRead";
    .port_info 3 /OUTPUT 1 "memToReg";
    .port_info 4 /OUTPUT 2 "ALUOp";
    .port_info 5 /OUTPUT 1 "memWrite";
    .port_info 6 /OUTPUT 1 "ALUSrc";
    .port_info 7 /OUTPUT 1 "regWrite";
P_000001e88efbde40 .param/l "INST_B" 0 7 6, C4<1100011>;
P_000001e88efbde78 .param/l "INST_I_IMM" 0 7 4, C4<0010011>;
P_000001e88efbdeb0 .param/l "INST_I_LD" 0 7 3, C4<0000011>;
P_000001e88efbdee8 .param/l "INST_J" 0 7 7, C4<1101111>;
P_000001e88efbdf20 .param/l "INST_R" 0 7 2, C4<0110011>;
P_000001e88efbdf58 .param/l "INST_S" 0 7 5, C4<0100011>;
P_000001e88efbdf90 .param/l "INST_U" 0 7 8, C4<0010011>;
v000001e88f05ce30_0 .var "ALUOp", 1 0;
v000001e88f05c6b0_0 .var "ALUSrc", 0 0;
v000001e88f05da10_0 .var "branch", 0 0;
v000001e88f05c750_0 .var "memRead", 0 0;
v000001e88f05cc50_0 .var "memToReg", 0 0;
v000001e88f05d790_0 .var "memWrite", 0 0;
v000001e88f05de70_0 .net "opcode", 6 0, L_000001e88f05e260;  1 drivers
v000001e88f05d290_0 .var "regWrite", 0 0;
E_000001e88ef6be40 .event anyedge, v000001e88f05de70_0;
S_000001e88efd0e90 .scope module, "if_u" "IF" 2 52, 8 2 0, S_000001e88effd230;
 .timescale 0 0;
    .port_info 0 /INPUT 1 "clk";
    .port_info 1 /INPUT 1 "rst";
    .port_info 2 /INPUT 1 "branch_pc";
    .port_info 3 /INPUT 1 "zero";
    .port_info 4 /INPUT 32 "imm";
    .port_info 5 /OUTPUT 32 "pc";
P_000001e88efaa8a0 .param/l "REG_NUM_BITWIDTH" 0 8 3, +C4<00000000000000000000000000000101>;
P_000001e88efaa8d8 .param/l "WORD_BITWIDTH" 0 8 4, +C4<00000000000000000000000000100000>;
L_000001e88f001030 .functor AND 1, v000001e88f05da10_0, L_000001e88f05f7a0, C4<1>, C4<1>;
v000001e88f05ced0_0 .net *"_ivl_10", 30 0, L_000001e88f05f3e0;  1 drivers
L_000001e88f3b00d0 .functor BUFT 1, C4<0>, C4<0>, C4<0>, C4<0>;
v000001e88f05d010_0 .net *"_ivl_12", 0 0, L_000001e88f3b00d0;  1 drivers
L_000001e88f3b0088 .functor BUFT 1, C4<00000000000000000000000000000100>, C4<0>, C4<0>, C4<0>;
v000001e88f05ca70_0 .net/2u *"_ivl_2", 31 0, L_000001e88f3b0088;  1 drivers
v000001e88f05dbf0_0 .net *"_ivl_6", 31 0, L_000001e88f05ea80;  1 drivers
v000001e88f05d510_0 .net "branch_pc", 0 0, v000001e88f05da10_0;  alias, 1 drivers
v000001e88f05cb10_0 .net "clk", 0 0, o000001e88f004758;  alias, 0 drivers
v000001e88f05cbb0_0 .net "imm", 31 0, v000001e88f05c890_0;  alias, 1 drivers
v000001e88f05dc90_0 .net "next_pc", 31 0, v000001e88f05d6f0_0;  1 drivers
v000001e88f05cf70_0 .var "pc", 31 0;
v000001e88f05df10_0 .net "rst", 0 0, o000001e88f0047b8;  alias, 0 drivers
v000001e88f05d0b0_0 .net "zero", 0 0, L_000001e88f05f7a0;  alias, 1 drivers
E_000001e88ef6bf80/0 .event negedge, v000001e88f05df10_0;
E_000001e88ef6bf80/1 .event posedge, v000001e88f05cb10_0;
E_000001e88ef6bf80 .event/or E_000001e88ef6bf80/0, E_000001e88ef6bf80/1;
L_000001e88f05e120 .arith/sum 32, v000001e88f05cf70_0, L_000001e88f3b0088;
L_000001e88f05ea80 .arith/sum 32, v000001e88f05cf70_0, v000001e88f05c890_0;
L_000001e88f05f3e0 .part L_000001e88f05ea80, 0, 31;
L_000001e88f05eb20 .concat [ 1 31 0 0], L_000001e88f3b00d0, L_000001e88f05f3e0;
S_000001e88efd1020 .scope module, "mux" "MUX" 8 15, 5 1 0, S_000001e88efd0e90;
 .timescale 0 0;
    .port_info 0 /INPUT 1 "control";
    .port_info 1 /INPUT 32 "in0";
    .port_info 2 /INPUT 32 "in1";
    .port_info 3 /OUTPUT 32 "out";
P_000001e88efab020 .param/l "REG_NUM_BITWIDTH" 0 5 2, +C4<00000000000000000000000000000101>;
P_000001e88efab058 .param/l "WORD_BITWIDTH" 0 5 3, +C4<00000000000000000000000000100000>;
v000001e88f05c930_0 .net "control", 0 0, L_000001e88f001030;  1 drivers
v000001e88f05c9d0_0 .net "in0", 31 0, L_000001e88f05e120;  1 drivers
v000001e88f05d5b0_0 .net "in1", 31 0, L_000001e88f05eb20;  1 drivers
v000001e88f05d6f0_0 .var "out", 31 0;
E_000001e88ef6b080 .event anyedge, v000001e88f05c930_0, v000001e88f05c9d0_0, v000001e88f05d5b0_0;
S_000001e88efd11b0 .scope module, "mem_u" "MEM" 2 111, 9 1 0, S_000001e88effd230;
 .timescale 0 0;
    .port_info 0 /INPUT 32 "ALUresult";
    .port_info 1 /INPUT 32 "regReadData2";
    .port_info 2 /INPUT 1 "memWrite";
    .port_info 3 /INPUT 1 "memRead";
    .port_info 4 /INPUT 1 "memToReg";
    .port_info 5 /OUTPUT 32 "regWriteData";
    .port_info 6 /OUTPUT 32 "address";
    .port_info 7 /OUTPUT 32 "memWriteData";
P_000001e88efab120 .param/l "REG_NUM_BITWIDTH" 0 9 2, +C4<00000000000000000000000000000101>;
P_000001e88efab158 .param/l "WORD_BITWIDTH" 0 9 3, +C4<00000000000000000000000000100000>;
o000001e88f004908 .functor BUFZ 32, C4<zzzzzzzzzzzzzzzzzzzzzzzzzzzzzzzz>; HiZ drive
v000001e88f05d830_0 .net "ALUresult", 31 0, o000001e88f004908;  0 drivers
v000001e88f05c250_0 .var "address", 31 0;
o000001e88f004968 .functor BUFZ 1, C4<z>; HiZ drive
v000001e88f05d150_0 .net "memRead", 0 0, o000001e88f004968;  0 drivers
o000001e88f004998 .functor BUFZ 1, C4<z>; HiZ drive
v000001e88f05d3d0_0 .net "memToReg", 0 0, o000001e88f004998;  0 drivers
o000001e88f0049c8 .functor BUFZ 1, C4<z>; HiZ drive
v000001e88f05d470_0 .net "memWrite", 0 0, o000001e88f0049c8;  0 drivers
v000001e88f05dd30_0 .var "memWriteData", 31 0;
o000001e88f004a28 .functor BUFZ 32, C4<zzzzzzzzzzzzzzzzzzzzzzzzzzzzzzzz>; HiZ drive
v000001e88f05ddd0_0 .net "regReadData2", 31 0, o000001e88f004a28;  0 drivers
v000001e88f05c070_0 .var "regWriteData", 31 0;
E_000001e88ef6be80 .event anyedge, v000001e88f05d470_0, v000001e88f05d830_0, v000001e88f05dd30_0, v000001e88f05d3d0_0;
S_000001e88ef6db20 .scope module, "register" "REGISTER" 2 82, 10 1 0, S_000001e88effd230;
 .timescale 0 0;
    .port_info 0 /INPUT 1 "clk";
    .port_info 1 /INPUT 1 "rst";
    .port_info 2 /INPUT 5 "regToRead1";
    .port_info 3 /INPUT 5 "regToRead2";
    .port_info 4 /INPUT 5 "regToWrite";
    .port_info 5 /INPUT 32 "write_data";
    .port_info 6 /INPUT 1 "do_regToWrite";
    .port_info 7 /OUTPUT 32 "read_data1";
    .port_info 8 /OUTPUT 32 "read_data2";
P_000001e88efa9ea0 .param/l "REG_NUM_BITWIDTH" 0 10 2, +C4<00000000000000000000000000000101>;
P_000001e88efa9ed8 .param/l "WORD_BITWIDTH" 0 10 3, +C4<00000000000000000000000000100000>;
v000001e88f05f520_0 .net "clk", 0 0, o000001e88f004758;  alias, 0 drivers
o000001e88f004c08 .functor BUFZ 1, C4<z>; HiZ drive
v000001e88f05ee40_0 .net "do_regToWrite", 0 0, o000001e88f004c08;  0 drivers
v000001e88f05e440_0 .var "read_data1", 31 0;
v000001e88f05fe80_0 .var "read_data2", 31 0;
v000001e88f05ff20_0 .net "regToRead1", 4 0, L_000001e88f05ebc0;  alias, 1 drivers
v000001e88f05fc00_0 .net "regToRead2", 4 0, L_000001e88f05f480;  alias, 1 drivers
v000001e88f05e3a0_0 .net "regToWrite", 4 0, L_000001e88f05fac0;  alias, 1 drivers
v000001e88f05e580 .array "reg_file", 0 31, 31 0;
v000001e88f05f700_0 .net "rst", 0 0, o000001e88f0047b8;  alias, 0 drivers
o000001e88f005238 .functor BUFZ 32, C4<zzzzzzzzzzzzzzzzzzzzzzzzzzzzzzzz>; HiZ drive
v000001e88f05fa20_0 .net "write_data", 31 0, o000001e88f005238;  0 drivers
v000001e88f05e580_0 .array/port v000001e88f05e580, 0;
v000001e88f05e580_1 .array/port v000001e88f05e580, 1;
v000001e88f05e580_2 .array/port v000001e88f05e580, 2;
E_000001e88ef687c0/0 .event anyedge, v000001e88f05c430_0, v000001e88f05e580_0, v000001e88f05e580_1, v000001e88f05e580_2;
v000001e88f05e580_3 .array/port v000001e88f05e580, 3;
v000001e88f05e580_4 .array/port v000001e88f05e580, 4;
v000001e88f05e580_5 .array/port v000001e88f05e580, 5;
v000001e88f05e580_6 .array/port v000001e88f05e580, 6;
E_000001e88ef687c0/1 .event anyedge, v000001e88f05e580_3, v000001e88f05e580_4, v000001e88f05e580_5, v000001e88f05e580_6;
v000001e88f05e580_7 .array/port v000001e88f05e580, 7;
v000001e88f05e580_8 .array/port v000001e88f05e580, 8;
v000001e88f05e580_9 .array/port v000001e88f05e580, 9;
v000001e88f05e580_10 .array/port v000001e88f05e580, 10;
E_000001e88ef687c0/2 .event anyedge, v000001e88f05e580_7, v000001e88f05e580_8, v000001e88f05e580_9, v000001e88f05e580_10;
v000001e88f05e580_11 .array/port v000001e88f05e580, 11;
v000001e88f05e580_12 .array/port v000001e88f05e580, 12;
v000001e88f05e580_13 .array/port v000001e88f05e580, 13;
v000001e88f05e580_14 .array/port v000001e88f05e580, 14;
E_000001e88ef687c0/3 .event anyedge, v000001e88f05e580_11, v000001e88f05e580_12, v000001e88f05e580_13, v000001e88f05e580_14;
v000001e88f05e580_15 .array/port v000001e88f05e580, 15;
v000001e88f05e580_16 .array/port v000001e88f05e580, 16;
v000001e88f05e580_17 .array/port v000001e88f05e580, 17;
v000001e88f05e580_18 .array/port v000001e88f05e580, 18;
E_000001e88ef687c0/4 .event anyedge, v000001e88f05e580_15, v000001e88f05e580_16, v000001e88f05e580_17, v000001e88f05e580_18;
v000001e88f05e580_19 .array/port v000001e88f05e580, 19;
v000001e88f05e580_20 .array/port v000001e88f05e580, 20;
v000001e88f05e580_21 .array/port v000001e88f05e580, 21;
v000001e88f05e580_22 .array/port v000001e88f05e580, 22;
E_000001e88ef687c0/5 .event anyedge, v000001e88f05e580_19, v000001e88f05e580_20, v000001e88f05e580_21, v000001e88f05e580_22;
v000001e88f05e580_23 .array/port v000001e88f05e580, 23;
v000001e88f05e580_24 .array/port v000001e88f05e580, 24;
v000001e88f05e580_25 .array/port v000001e88f05e580, 25;
v000001e88f05e580_26 .array/port v000001e88f05e580, 26;
E_000001e88ef687c0/6 .event anyedge, v000001e88f05e580_23, v000001e88f05e580_24, v000001e88f05e580_25, v000001e88f05e580_26;
v000001e88f05e580_27 .array/port v000001e88f05e580, 27;
v000001e88f05e580_28 .array/port v000001e88f05e580, 28;
v000001e88f05e580_29 .array/port v000001e88f05e580, 29;
v000001e88f05e580_30 .array/port v000001e88f05e580, 30;
E_000001e88ef687c0/7 .event anyedge, v000001e88f05e580_27, v000001e88f05e580_28, v000001e88f05e580_29, v000001e88f05e580_30;
v000001e88f05e580_31 .array/port v000001e88f05e580, 31;
E_000001e88ef687c0/8 .event anyedge, v000001e88f05e580_31, v000001e88f05d970_0;
E_000001e88ef687c0 .event/or E_000001e88ef687c0/0, E_000001e88ef687c0/1, E_000001e88ef687c0/2, E_000001e88ef687c0/3, E_000001e88ef687c0/4, E_000001e88ef687c0/5, E_000001e88ef687c0/6, E_000001e88ef687c0/7, E_000001e88ef687c0/8;
    .scope S_000001e88efd1020;
T_0 ;
    %wait E_000001e88ef6b080;
    %load/vec4 v000001e88f05c930_0;
    %flag_set/vec4 8;
    %jmp/0 T_0.0, 8;
    %load/vec4 v000001e88f05c9d0_0;
    %jmp/1 T_0.1, 8;
T_0.0 ; End of true expr.
    %load/vec4 v000001e88f05d5b0_0;
    %jmp/0 T_0.1, 8;
 ; End of false expr.
    %blend;
T_0.1;
    %store/vec4 v000001e88f05d6f0_0, 0, 32;
    %jmp T_0;
    .thread T_0, $push;
    .scope S_000001e88efd0e90;
T_1 ;
    %wait E_000001e88ef6bf80;
    %load/vec4 v000001e88f05df10_0;
    %flag_set/vec4 8;
    %jmp/0xz  T_1.0, 8;
    %pushi/vec4 0, 0, 32;
    %assign/vec4 v000001e88f05cf70_0, 0;
    %jmp T_1.1;
T_1.0 ;
    %load/vec4 v000001e88f05dc90_0;
    %assign/vec4 v000001e88f05cf70_0, 0;
T_1.1 ;
    %jmp T_1;
    .thread T_1;
    .scope S_000001e88efdff40;
T_2 ;
    %wait E_000001e88ef6be40;
    %load/vec4 v000001e88f05de70_0;
    %dup/vec4;
    %pushi/vec4 51, 0, 7;
    %cmp/u;
    %jmp/1 T_2.0, 6;
    %dup/vec4;
    %pushi/vec4 19, 0, 7;
    %cmp/u;
    %jmp/1 T_2.1, 6;
    %dup/vec4;
    %pushi/vec4 3, 0, 7;
    %cmp/u;
    %jmp/1 T_2.2, 6;
    %dup/vec4;
    %pushi/vec4 35, 0, 7;
    %cmp/u;
    %jmp/1 T_2.3, 6;
    %dup/vec4;
    %pushi/vec4 99, 0, 7;
    %cmp/u;
    %jmp/1 T_2.4, 6;
    %dup/vec4;
    %pushi/vec4 111, 0, 7;
    %cmp/u;
    %jmp/1 T_2.5, 6;
    %dup/vec4;
    %pushi/vec4 19, 0, 7;
    %cmp/u;
    %jmp/1 T_2.6, 6;
    %jmp T_2.8;
T_2.0 ;
    %pushi/vec4 0, 0, 1;
    %store/vec4 v000001e88f05da10_0, 0, 1;
    %pushi/vec4 0, 0, 1;
    %store/vec4 v000001e88f05c750_0, 0, 1;
    %pushi/vec4 0, 0, 1;
    %store/vec4 v000001e88f05cc50_0, 0, 1;
    %pushi/vec4 2, 0, 2;
    %store/vec4 v000001e88f05ce30_0, 0, 2;
    %pushi/vec4 0, 0, 1;
    %store/vec4 v000001e88f05d790_0, 0, 1;
    %pushi/vec4 0, 0, 1;
    %store/vec4 v000001e88f05c6b0_0, 0, 1;
    %pushi/vec4 1, 0, 1;
    %store/vec4 v000001e88f05d290_0, 0, 1;
    %jmp T_2.8;
T_2.1 ;
    %pushi/vec4 0, 0, 1;
    %store/vec4 v000001e88f05da10_0, 0, 1;
    %pushi/vec4 0, 0, 1;
    %store/vec4 v000001e88f05c750_0, 0, 1;
    %pushi/vec4 0, 0, 1;
    %store/vec4 v000001e88f05cc50_0, 0, 1;
    %pushi/vec4 0, 0, 2;
    %store/vec4 v000001e88f05ce30_0, 0, 2;
    %pushi/vec4 0, 0, 1;
    %store/vec4 v000001e88f05d790_0, 0, 1;
    %pushi/vec4 1, 0, 1;
    %store/vec4 v000001e88f05c6b0_0, 0, 1;
    %pushi/vec4 1, 0, 1;
    %store/vec4 v000001e88f05d290_0, 0, 1;
    %jmp T_2.8;
T_2.2 ;
    %pushi/vec4 0, 0, 1;
    %store/vec4 v000001e88f05da10_0, 0, 1;
    %pushi/vec4 1, 0, 1;
    %store/vec4 v000001e88f05c750_0, 0, 1;
    %pushi/vec4 1, 0, 1;
    %store/vec4 v000001e88f05cc50_0, 0, 1;
    %pushi/vec4 0, 0, 2;
    %store/vec4 v000001e88f05ce30_0, 0, 2;
    %pushi/vec4 0, 0, 1;
    %store/vec4 v000001e88f05d790_0, 0, 1;
    %pushi/vec4 1, 0, 1;
    %store/vec4 v000001e88f05c6b0_0, 0, 1;
    %pushi/vec4 1, 0, 1;
    %store/vec4 v000001e88f05d290_0, 0, 1;
    %jmp T_2.8;
T_2.3 ;
    %pushi/vec4 0, 0, 1;
    %store/vec4 v000001e88f05da10_0, 0, 1;
    %pushi/vec4 0, 0, 1;
    %store/vec4 v000001e88f05c750_0, 0, 1;
    %pushi/vec4 0, 0, 1;
    %store/vec4 v000001e88f05cc50_0, 0, 1;
    %pushi/vec4 0, 0, 2;
    %store/vec4 v000001e88f05ce30_0, 0, 2;
    %pushi/vec4 1, 0, 1;
    %store/vec4 v000001e88f05d790_0, 0, 1;
    %pushi/vec4 1, 0, 1;
    %store/vec4 v000001e88f05c6b0_0, 0, 1;
    %pushi/vec4 0, 0, 1;
    %store/vec4 v000001e88f05d290_0, 0, 1;
    %jmp T_2.8;
T_2.4 ;
    %pushi/vec4 1, 0, 1;
    %store/vec4 v000001e88f05da10_0, 0, 1;
    %pushi/vec4 0, 0, 1;
    %store/vec4 v000001e88f05c750_0, 0, 1;
    %pushi/vec4 0, 0, 1;
    %store/vec4 v000001e88f05cc50_0, 0, 1;
    %pushi/vec4 1, 0, 2;
    %store/vec4 v000001e88f05ce30_0, 0, 2;
    %pushi/vec4 0, 0, 1;
    %store/vec4 v000001e88f05d790_0, 0, 1;
    %pushi/vec4 0, 0, 1;
    %store/vec4 v000001e88f05c6b0_0, 0, 1;
    %pushi/vec4 0, 0, 1;
    %store/vec4 v000001e88f05d290_0, 0, 1;
    %jmp T_2.8;
T_2.5 ;
    %jmp T_2.8;
T_2.6 ;
    %jmp T_2.8;
T_2.8 ;
    %pop/vec4 1;
    %jmp T_2;
    .thread T_2, $push;
    .scope S_000001e88efdfdb0;
T_3 ;
    %wait E_000001e88ef6bcc0;
    %load/vec4 v000001e88f05c390_0;
    %parti/s 7, 0, 2;
    %dup/vec4;
    %pushi/vec4 51, 0, 7;
    %cmp/u;
    %jmp/1 T_3.0, 6;
    %dup/vec4;
    %pushi/vec4 3, 0, 7;
    %cmp/u;
    %jmp/1 T_3.1, 6;
    %dup/vec4;
    %pushi/vec4 19, 0, 7;
    %cmp/u;
    %jmp/1 T_3.2, 6;
    %dup/vec4;
    %pushi/vec4 35, 0, 7;
    %cmp/u;
    %jmp/1 T_3.3, 6;
    %dup/vec4;
    %pushi/vec4 99, 0, 7;
    %cmp/u;
    %jmp/1 T_3.4, 6;
    %dup/vec4;
    %pushi/vec4 111, 0, 7;
    %cmp/u;
    %jmp/1 T_3.5, 6;
    %dup/vec4;
    %pushi/vec4 19, 0, 7;
    %cmp/u;
    %jmp/1 T_3.6, 6;
    %load/vec4 v000001e88f05c890_0;
    %store/vec4 v000001e88f05c890_0, 0, 32;
    %jmp T_3.8;
T_3.0 ;
    %pushi/vec4 0, 0, 32;
    %store/vec4 v000001e88f05c890_0, 0, 32;
    %jmp T_3.8;
T_3.1 ;
    %load/vec4 v000001e88f05c390_0;
    %parti/s 1, 31, 6;
    %pad/u 32;
    %cmpi/e 0, 0, 32;
    %flag_mov 8, 4;
    %jmp/0 T_3.9, 8;
    %pushi/vec4 0, 0, 20;
    %jmp/1 T_3.10, 8;
T_3.9 ; End of true expr.
    %pushi/vec4 1048575, 0, 20;
    %jmp/0 T_3.10, 8;
 ; End of false expr.
    %blend;
T_3.10;
    %load/vec4 v000001e88f05c390_0;
    %parti/s 12, 20, 6;
    %concat/vec4; draw_concat_vec4
    %store/vec4 v000001e88f05c890_0, 0, 32;
    %jmp T_3.8;
T_3.2 ;
    %load/vec4 v000001e88f05c390_0;
    %parti/s 1, 31, 6;
    %pad/u 32;
    %cmpi/e 0, 0, 32;
    %flag_mov 8, 4;
    %jmp/0 T_3.11, 8;
    %pushi/vec4 0, 0, 20;
    %jmp/1 T_3.12, 8;
T_3.11 ; End of true expr.
    %pushi/vec4 1048575, 0, 20;
    %jmp/0 T_3.12, 8;
 ; End of false expr.
    %blend;
T_3.12;
    %load/vec4 v000001e88f05c390_0;
    %parti/s 12, 20, 6;
    %concat/vec4; draw_concat_vec4
    %store/vec4 v000001e88f05c890_0, 0, 32;
    %jmp T_3.8;
T_3.3 ;
    %load/vec4 v000001e88f05c390_0;
    %parti/s 1, 31, 6;
    %pad/u 32;
    %cmpi/e 0, 0, 32;
    %flag_mov 8, 4;
    %jmp/0 T_3.13, 8;
    %pushi/vec4 0, 0, 20;
    %jmp/1 T_3.14, 8;
T_3.13 ; End of true expr.
    %pushi/vec4 1048575, 0, 20;
    %jmp/0 T_3.14, 8;
 ; End of false expr.
    %blend;
T_3.14;
    %load/vec4 v000001e88f05c390_0;
    %parti/s 7, 25, 6;
    %concat/vec4; draw_concat_vec4
    %load/vec4 v000001e88f05c390_0;
    %parti/s 5, 7, 4;
    %concat/vec4; draw_concat_vec4
    %store/vec4 v000001e88f05c890_0, 0, 32;
    %jmp T_3.8;
T_3.4 ;
    %load/vec4 v000001e88f05c390_0;
    %parti/s 1, 31, 6;
    %pad/u 32;
    %cmpi/e 0, 0, 32;
    %flag_mov 8, 4;
    %jmp/0 T_3.15, 8;
    %pushi/vec4 0, 0, 19;
    %jmp/1 T_3.16, 8;
T_3.15 ; End of true expr.
    %pushi/vec4 524287, 0, 19;
    %jmp/0 T_3.16, 8;
 ; End of false expr.
    %blend;
T_3.16;
    %load/vec4 v000001e88f05c390_0;
    %parti/s 1, 31, 6;
    %concat/vec4; draw_concat_vec4
    %load/vec4 v000001e88f05c390_0;
    %parti/s 1, 7, 4;
    %concat/vec4; draw_concat_vec4
    %load/vec4 v000001e88f05c390_0;
    %parti/s 6, 25, 6;
    %concat/vec4; draw_concat_vec4
    %load/vec4 v000001e88f05c390_0;
    %parti/s 4, 8, 5;
    %concat/vec4; draw_concat_vec4
    %concati/vec4 0, 0, 1;
    %store/vec4 v000001e88f05c890_0, 0, 32;
    %jmp T_3.8;
T_3.5 ;
    %load/vec4 v000001e88f05c890_0;
    %store/vec4 v000001e88f05c890_0, 0, 32;
    %jmp T_3.8;
T_3.6 ;
    %load/vec4 v000001e88f05c890_0;
    %store/vec4 v000001e88f05c890_0, 0, 32;
    %jmp T_3.8;
T_3.8 ;
    %pop/vec4 1;
    %jmp T_3;
    .thread T_3, $push;
    .scope S_000001e88ef6db20;
T_4 ;
    %wait E_000001e88ef6bf80;
    %load/vec4 v000001e88f05f700_0;
    %nor/r;
    %flag_set/vec4 8;
    %jmp/0xz  T_4.0, 8;
    %pushi/vec4 0, 0, 32;
    %assign/vec4 v000001e88f05e440_0, 0;
    %pushi/vec4 0, 0, 32;
    %assign/vec4 v000001e88f05fe80_0, 0;
    %jmp T_4.1;
T_4.0 ;
    %load/vec4 v000001e88f05ee40_0;
    %flag_set/vec4 8;
    %jmp/0xz  T_4.2, 8;
    %load/vec4 v000001e88f05fa20_0;
    %load/vec4 v000001e88f05e3a0_0;
    %pad/u 7;
    %ix/vec4 3;
    %ix/load 4, 0, 0; Constant delay
    %assign/vec4/a/d v000001e88f05e580, 0, 4;
    %jmp T_4.3;
T_4.2 ;
    %load/vec4 v000001e88f05e3a0_0;
    %pad/u 7;
    %ix/vec4 4;
    %load/vec4a v000001e88f05e580, 4;
    %load/vec4 v000001e88f05e3a0_0;
    %pad/u 7;
    %ix/vec4 3;
    %ix/load 4, 0, 0; Constant delay
    %assign/vec4/a/d v000001e88f05e580, 0, 4;
T_4.3 ;
T_4.1 ;
    %jmp T_4;
    .thread T_4;
    .scope S_000001e88ef6db20;
T_5 ;
    %wait E_000001e88ef687c0;
    %load/vec4 v000001e88f05ff20_0;
    %pad/u 7;
    %ix/vec4 4;
    %load/vec4a v000001e88f05e580, 4;
    %store/vec4 v000001e88f05e440_0, 0, 32;
    %load/vec4 v000001e88f05fc00_0;
    %pad/u 7;
    %ix/vec4 4;
    %load/vec4a v000001e88f05e580, 4;
    %store/vec4 v000001e88f05fe80_0, 0, 32;
    %jmp T_5;
    .thread T_5, $push;
    .scope S_000001e88efdfc20;
T_6 ;
    %wait E_000001e88ef6bd40;
    %load/vec4 v000001e88eff8c90_0;
    %flag_set/vec4 8;
    %jmp/0 T_6.0, 8;
    %load/vec4 v000001e88eff8970_0;
    %jmp/1 T_6.1, 8;
T_6.0 ; End of true expr.
    %load/vec4 v000001e88eff8650_0;
    %jmp/0 T_6.1, 8;
 ; End of false expr.
    %blend;
T_6.1;
    %store/vec4 v000001e88eff86f0_0, 0, 32;
    %jmp T_6;
    .thread T_6, $push;
    .scope S_000001e88efdba20;
T_7 ;
    %wait E_000001e88ef6b900;
    %load/vec4 v000001e88eff8bf0_0;
    %dup/vec4;
    %pushi/vec4 0, 0, 4;
    %cmp/u;
    %jmp/1 T_7.0, 6;
    %dup/vec4;
    %pushi/vec4 1, 0, 4;
    %cmp/u;
    %jmp/1 T_7.1, 6;
    %dup/vec4;
    %pushi/vec4 2, 0, 4;
    %cmp/u;
    %jmp/1 T_7.2, 6;
    %dup/vec4;
    %pushi/vec4 6, 0, 4;
    %cmp/u;
    %jmp/1 T_7.3, 6;
    %dup/vec4;
    %pushi/vec4 3, 0, 4;
    %cmp/u;
    %jmp/1 T_7.4, 6;
    %dup/vec4;
    %pushi/vec4 4, 0, 4;
    %cmp/u;
    %jmp/1 T_7.5, 6;
    %dup/vec4;
    %pushi/vec4 5, 0, 4;
    %cmp/u;
    %jmp/1 T_7.6, 6;
    %pushi/vec4 0, 0, 32;
    %store/vec4 v000001e88eff8010_0, 0, 32;
    %jmp T_7.8;
T_7.0 ;
    %load/vec4 v000001e88eff8b50_0;
    %load/vec4 v000001e88eff88d0_0;
    %and;
    %store/vec4 v000001e88eff8010_0, 0, 32;
    %jmp T_7.8;
T_7.1 ;
    %load/vec4 v000001e88eff8b50_0;
    %load/vec4 v000001e88eff88d0_0;
    %or;
    %store/vec4 v000001e88eff8010_0, 0, 32;
    %jmp T_7.8;
T_7.2 ;
    %load/vec4 v000001e88eff8b50_0;
    %load/vec4 v000001e88eff88d0_0;
    %add;
    %store/vec4 v000001e88eff8010_0, 0, 32;
    %jmp T_7.8;
T_7.3 ;
    %load/vec4 v000001e88eff8b50_0;
    %load/vec4 v000001e88eff88d0_0;
    %sub;
    %store/vec4 v000001e88eff8010_0, 0, 32;
    %jmp T_7.8;
T_7.4 ;
    %load/vec4 v000001e88eff8b50_0;
    %load/vec4 v000001e88eff88d0_0;
    %xor;
    %store/vec4 v000001e88eff8010_0, 0, 32;
    %jmp T_7.8;
T_7.5 ;
    %load/vec4 v000001e88eff8b50_0;
    %ix/getv 4, v000001e88eff88d0_0;
    %shiftl 4;
    %store/vec4 v000001e88eff8010_0, 0, 32;
    %jmp T_7.8;
T_7.6 ;
    %load/vec4 v000001e88eff8b50_0;
    %ix/getv 4, v000001e88eff88d0_0;
    %shiftr 4;
    %store/vec4 v000001e88eff8010_0, 0, 32;
    %jmp T_7.8;
T_7.8 ;
    %pop/vec4 1;
    %jmp T_7;
    .thread T_7, $push;
    .scope S_000001e88efe32f0;
T_8 ;
    %wait E_000001e88ef6b400;
    %load/vec4 v000001e88eff8d30_0;
    %dup/vec4;
    %pushi/vec4 0, 0, 2;
    %cmp/u;
    %jmp/1 T_8.0, 6;
    %dup/vec4;
    %pushi/vec4 1, 0, 2;
    %cmp/u;
    %jmp/1 T_8.1, 6;
    %dup/vec4;
    %pushi/vec4 2, 0, 2;
    %cmp/u;
    %jmp/1 T_8.2, 6;
    %dup/vec4;
    %pushi/vec4 3, 0, 2;
    %cmp/u;
    %jmp/1 T_8.3, 6;
    %load/vec4 v000001e88f05ccf0_0;
    %store/vec4 v000001e88f05ccf0_0, 0, 4;
    %jmp T_8.5;
T_8.0 ;
    %pushi/vec4 2, 0, 4;
    %store/vec4 v000001e88f05ccf0_0, 0, 4;
    %jmp T_8.5;
T_8.1 ;
    %pushi/vec4 6, 0, 4;
    %store/vec4 v000001e88f05ccf0_0, 0, 4;
    %jmp T_8.5;
T_8.2 ;
    %load/vec4 v000001e88f05d1f0_0;
    %parti/s 3, 0, 2;
    %dup/vec4;
    %pushi/vec4 7, 0, 3;
    %cmp/u;
    %jmp/1 T_8.6, 6;
    %dup/vec4;
    %pushi/vec4 6, 0, 3;
    %cmp/u;
    %jmp/1 T_8.7, 6;
    %dup/vec4;
    %pushi/vec4 0, 0, 3;
    %cmp/u;
    %jmp/1 T_8.8, 6;
    %dup/vec4;
    %pushi/vec4 4, 0, 3;
    %cmp/u;
    %jmp/1 T_8.9, 6;
    %dup/vec4;
    %pushi/vec4 1, 0, 3;
    %cmp/u;
    %jmp/1 T_8.10, 6;
    %dup/vec4;
    %pushi/vec4 5, 0, 3;
    %cmp/u;
    %jmp/1 T_8.11, 6;
    %load/vec4 v000001e88f05ccf0_0;
    %store/vec4 v000001e88f05ccf0_0, 0, 4;
    %jmp T_8.13;
T_8.6 ;
    %pushi/vec4 0, 0, 4;
    %store/vec4 v000001e88f05ccf0_0, 0, 4;
    %jmp T_8.13;
T_8.7 ;
    %pushi/vec4 1, 0, 4;
    %store/vec4 v000001e88f05ccf0_0, 0, 4;
    %jmp T_8.13;
T_8.8 ;
    %load/vec4 v000001e88f05d1f0_0;
    %parti/s 1, 3, 3;
    %flag_set/vec4 8;
    %jmp/0 T_8.14, 8;
    %pushi/vec4 2, 0, 4;
    %jmp/1 T_8.15, 8;
T_8.14 ; End of true expr.
    %pushi/vec4 6, 0, 4;
    %jmp/0 T_8.15, 8;
 ; End of false expr.
    %blend;
T_8.15;
    %store/vec4 v000001e88f05ccf0_0, 0, 4;
    %jmp T_8.13;
T_8.9 ;
    %pushi/vec4 3, 0, 4;
    %store/vec4 v000001e88f05ccf0_0, 0, 4;
    %jmp T_8.13;
T_8.10 ;
    %pushi/vec4 4, 0, 4;
    %store/vec4 v000001e88f05ccf0_0, 0, 4;
    %jmp T_8.13;
T_8.11 ;
    %pushi/vec4 5, 0, 4;
    %store/vec4 v000001e88f05ccf0_0, 0, 4;
    %jmp T_8.13;
T_8.13 ;
    %pop/vec4 1;
    %jmp T_8.5;
T_8.3 ;
    %load/vec4 v000001e88f05d1f0_0;
    %parti/s 3, 0, 2;
    %dup/vec4;
    %pushi/vec4 7, 0, 3;
    %cmp/u;
    %jmp/1 T_8.16, 6;
    %dup/vec4;
    %pushi/vec4 6, 0, 3;
    %cmp/u;
    %jmp/1 T_8.17, 6;
    %dup/vec4;
    %pushi/vec4 0, 0, 3;
    %cmp/u;
    %jmp/1 T_8.18, 6;
    %dup/vec4;
    %pushi/vec4 4, 0, 3;
    %cmp/u;
    %jmp/1 T_8.19, 6;
    %dup/vec4;
    %pushi/vec4 1, 0, 3;
    %cmp/u;
    %jmp/1 T_8.20, 6;
    %dup/vec4;
    %pushi/vec4 5, 0, 3;
    %cmp/u;
    %jmp/1 T_8.21, 6;
    %load/vec4 v000001e88f05ccf0_0;
    %store/vec4 v000001e88f05ccf0_0, 0, 4;
    %jmp T_8.23;
T_8.16 ;
    %pushi/vec4 0, 0, 4;
    %store/vec4 v000001e88f05ccf0_0, 0, 4;
    %jmp T_8.23;
T_8.17 ;
    %pushi/vec4 1, 0, 4;
    %store/vec4 v000001e88f05ccf0_0, 0, 4;
    %jmp T_8.23;
T_8.18 ;
    %load/vec4 v000001e88f05d1f0_0;
    %parti/s 1, 3, 3;
    %flag_set/vec4 8;
    %jmp/0 T_8.24, 8;
    %pushi/vec4 2, 0, 4;
    %jmp/1 T_8.25, 8;
T_8.24 ; End of true expr.
    %pushi/vec4 6, 0, 4;
    %jmp/0 T_8.25, 8;
 ; End of false expr.
    %blend;
T_8.25;
    %store/vec4 v000001e88f05ccf0_0, 0, 4;
    %jmp T_8.23;
T_8.19 ;
    %pushi/vec4 3, 0, 4;
    %store/vec4 v000001e88f05ccf0_0, 0, 4;
    %jmp T_8.23;
T_8.20 ;
    %pushi/vec4 4, 0, 4;
    %store/vec4 v000001e88f05ccf0_0, 0, 4;
    %jmp T_8.23;
T_8.21 ;
    %pushi/vec4 5, 0, 4;
    %store/vec4 v000001e88f05ccf0_0, 0, 4;
    %jmp T_8.23;
T_8.23 ;
    %pop/vec4 1;
    %jmp T_8.5;
T_8.5 ;
    %pop/vec4 1;
    %jmp T_8;
    .thread T_8, $push;
    .scope S_000001e88efd11b0;
T_9 ;
    %wait E_000001e88ef6be80;
    %load/vec4 v000001e88f05d470_0;
    %flag_set/vec4 8;
    %jmp/0 T_9.0, 8;
    %load/vec4 v000001e88f05d830_0;
    %jmp/1 T_9.1, 8;
T_9.0 ; End of true expr.
    %load/vec4 v000001e88f05dd30_0;
    %jmp/0 T_9.1, 8;
 ; End of false expr.
    %blend;
T_9.1;
    %store/vec4 v000001e88f05dd30_0, 0, 32;
    %load/vec4 v000001e88f05d830_0;
    %store/vec4 v000001e88f05c250_0, 0, 32;
    %load/vec4 v000001e88f05d3d0_0;
    %flag_set/vec4 8;
    %jmp/0 T_9.2, 8;
    %load/vec4 v000001e88f05d830_0;
    %jmp/1 T_9.3, 8;
T_9.2 ; End of true expr.
    %pushi/vec4 0, 0, 32;
    %jmp/0 T_9.3, 8;
 ; End of false expr.
    %blend;
T_9.3;
    %store/vec4 v000001e88f05c070_0, 0, 32;
    %jmp T_9;
    .thread T_9, $push;
# The file index is used to find the file name in the following table.
:file_names 11;
    "N/A";
    "<interactive>";
    "riscv.v";
    "./ex/ex.v";
    "./ex/alu/alu.v";
    "./mux/mux.v";
    "./id/id.v";
    "./id/control.v";
    "./if/if.v";
    "./mem/mem.v";
    "./register/register.v";
