#! /c/Source/iverilog-install/bin/vvp
:ivl_version "12.0 (devel)" "(s20150603-1110-g18392a46)";
:ivl_delay_selection "TYPICAL";
:vpi_time_precision + 0;
:vpi_module "C:\iverilog\lib\ivl\system.vpi";
:vpi_module "C:\iverilog\lib\ivl\vhdl_sys.vpi";
:vpi_module "C:\iverilog\lib\ivl\vhdl_textio.vpi";
:vpi_module "C:\iverilog\lib\ivl\v2005_math.vpi";
:vpi_module "C:\iverilog\lib\ivl\va_math.vpi";
S_000001745c6025e0 .scope module, "MEM" "MEM" 2 1;
 .timescale 0 0;
    .port_info 0 /INPUT 32 "ALUresult";
    .port_info 1 /INPUT 32 "regReadData2";
    .port_info 2 /INPUT 1 "memWrite";
    .port_info 3 /INPUT 1 "memRead";
    .port_info 4 /INPUT 1 "memToReg";
    .port_info 5 /OUTPUT 32 "regWriteData";
    .port_info 6 /OUTPUT 32 "address";
    .port_info 7 /OUTPUT 32 "memWriteData";
P_000001745c602b00 .param/l "REG_NUM_BITWIDTH" 0 2 2, +C4<00000000000000000000000000000101>;
P_000001745c602b38 .param/l "WORD_BITWIDTH" 0 2 3, +C4<00000000000000000000000000100000>;
o000001745c636f98 .functor BUFZ 32, C4<zzzzzzzzzzzzzzzzzzzzzzzzzzzzzzzz>; HiZ drive
v000001745c602770_0 .net "ALUresult", 31 0, o000001745c636f98;  0 drivers
v000001745c602810_0 .var "address", 31 0;
o000001745c636ff8 .functor BUFZ 1, C4<z>; HiZ drive
v000001745c6028b0_0 .net "memRead", 0 0, o000001745c636ff8;  0 drivers
o000001745c637028 .functor BUFZ 1, C4<z>; HiZ drive
v000001745c5ebd70_0 .net "memToReg", 0 0, o000001745c637028;  0 drivers
o000001745c637058 .functor BUFZ 1, C4<z>; HiZ drive
v000001745c5ebe10_0 .net "memWrite", 0 0, o000001745c637058;  0 drivers
v000001745c5ebeb0_0 .var "memWriteData", 31 0;
o000001745c6370b8 .functor BUFZ 32, C4<zzzzzzzzzzzzzzzzzzzzzzzzzzzzzzzz>; HiZ drive
v000001745c631ef0_0 .net "regReadData2", 31 0, o000001745c6370b8;  0 drivers
v000001745c631f90_0 .var "regWriteData", 31 0;
E_000001745c5eca30 .event anyedge, v000001745c5ebe10_0, v000001745c602770_0, v000001745c5ebeb0_0, v000001745c5ebd70_0;
    .scope S_000001745c6025e0;
T_0 ;
    %wait E_000001745c5eca30;
    %load/vec4 v000001745c5ebe10_0;
    %flag_set/vec4 8;
    %jmp/0 T_0.0, 8;
    %load/vec4 v000001745c602770_0;
    %jmp/1 T_0.1, 8;
T_0.0 ; End of true expr.
    %load/vec4 v000001745c5ebeb0_0;
    %jmp/0 T_0.1, 8;
 ; End of false expr.
    %blend;
T_0.1;
    %store/vec4 v000001745c5ebeb0_0, 0, 32;
    %load/vec4 v000001745c602770_0;
    %store/vec4 v000001745c602810_0, 0, 32;
    %load/vec4 v000001745c5ebd70_0;
    %flag_set/vec4 8;
    %jmp/0 T_0.2, 8;
    %load/vec4 v000001745c602770_0;
    %jmp/1 T_0.3, 8;
T_0.2 ; End of true expr.
    %pushi/vec4 0, 0, 32;
    %jmp/0 T_0.3, 8;
 ; End of false expr.
    %blend;
T_0.3;
    %store/vec4 v000001745c631f90_0, 0, 32;
    %jmp T_0;
    .thread T_0, $push;
# The file index is used to find the file name in the following table.
:file_names 3;
    "N/A";
    "<interactive>";
    "mem.v";
