#! /c/Source/iverilog-install/bin/vvp
:ivl_version "12.0 (devel)" "(s20150603-1110-g18392a46)";
:ivl_delay_selection "TYPICAL";
:vpi_time_precision + 0;
:vpi_module "C:\iverilog\lib\ivl\system.vpi";
:vpi_module "C:\iverilog\lib\ivl\vhdl_sys.vpi";
:vpi_module "C:\iverilog\lib\ivl\vhdl_textio.vpi";
:vpi_module "C:\iverilog\lib\ivl\v2005_math.vpi";
:vpi_module "C:\iverilog\lib\ivl\va_math.vpi";
S_00000233650b2c40 .scope module, "CONTROL" "CONTROL" 2 1;
 .timescale 0 0;
    .port_info 0 /INPUT 7 "opcode";
    .port_info 1 /OUTPUT 1 "branch";
    .port_info 2 /OUTPUT 1 "memRead";
    .port_info 3 /OUTPUT 1 "memToReg";
    .port_info 4 /OUTPUT 1 "ALUOp";
    .port_info 5 /OUTPUT 1 "memWrite";
    .port_info 6 /OUTPUT 2 "ALUSrc";
    .port_info 7 /OUTPUT 1 "regWrite";
P_00000233650b2dd0 .param/l "INST_B" 0 2 5, C4<1100011>;
P_00000233650b2e08 .param/l "INST_I" 0 2 3, C4<0000011>;
P_00000233650b2e40 .param/l "INST_J" 0 2 6, C4<1101111>;
P_00000233650b2e78 .param/l "INST_R" 0 2 2, C4<0110011>;
P_00000233650b2eb0 .param/l "INST_S" 0 2 4, C4<0100011>;
P_00000233650b2ee8 .param/l "INST_U" 0 2 7, C4<0010011>;
v00000233651cbf10_0 .var "ALUOp", 0 0;
v00000233650b2f30_0 .var "ALUSrc", 1 0;
v00000233650e45a0_0 .var "branch", 0 0;
v00000233650e4640_0 .var "memRead", 0 0;
v00000233650e46e0_0 .var "memToReg", 0 0;
v00000233650e4780_0 .var "memWrite", 0 0;
o00000233650eb0f8 .functor BUFZ 7, C4<zzzzzzz>; HiZ drive
v00000233650e4820_0 .net "opcode", 6 0, o00000233650eb0f8;  0 drivers
v00000233650e48c0_0 .var "regWrite", 0 0;
E_00000233651cb700 .event anyedge, v00000233650e4820_0;
    .scope S_00000233650b2c40;
T_0 ;
    %wait E_00000233651cb700;
    %load/vec4 v00000233650e4820_0;
    %dup/vec4;
    %pushi/vec4 51, 0, 7;
    %cmp/u;
    %jmp/1 T_0.0, 6;
    %dup/vec4;
    %pushi/vec4 3, 0, 7;
    %cmp/u;
    %jmp/1 T_0.1, 6;
    %dup/vec4;
    %pushi/vec4 35, 0, 7;
    %cmp/u;
    %jmp/1 T_0.2, 6;
    %dup/vec4;
    %pushi/vec4 99, 0, 7;
    %cmp/u;
    %jmp/1 T_0.3, 6;
    %dup/vec4;
    %pushi/vec4 111, 0, 7;
    %cmp/u;
    %jmp/1 T_0.4, 6;
    %dup/vec4;
    %pushi/vec4 19, 0, 7;
    %cmp/u;
    %jmp/1 T_0.5, 6;
    %vpi_call 2 66 "$finish" {0 0 0};
    %jmp T_0.7;
T_0.0 ;
    %pushi/vec4 0, 0, 1;
    %store/vec4 v00000233650e45a0_0, 0, 1;
    %pushi/vec4 0, 0, 1;
    %store/vec4 v00000233650e4640_0, 0, 1;
    %pushi/vec4 0, 0, 1;
    %store/vec4 v00000233650e46e0_0, 0, 1;
    %pushi/vec4 0, 0, 1;
    %store/vec4 v00000233651cbf10_0, 0, 1;
    %pushi/vec4 0, 0, 1;
    %store/vec4 v00000233650e4780_0, 0, 1;
    %pushi/vec4 0, 0, 2;
    %store/vec4 v00000233650b2f30_0, 0, 2;
    %pushi/vec4 1, 0, 1;
    %store/vec4 v00000233650e48c0_0, 0, 1;
    %jmp T_0.7;
T_0.1 ;
    %pushi/vec4 0, 0, 1;
    %store/vec4 v00000233650e45a0_0, 0, 1;
    %pushi/vec4 1, 0, 1;
    %store/vec4 v00000233650e4640_0, 0, 1;
    %pushi/vec4 1, 0, 1;
    %store/vec4 v00000233650e46e0_0, 0, 1;
    %pushi/vec4 0, 0, 1;
    %store/vec4 v00000233651cbf10_0, 0, 1;
    %pushi/vec4 0, 0, 1;
    %store/vec4 v00000233650e4780_0, 0, 1;
    %pushi/vec4 1, 0, 2;
    %store/vec4 v00000233650b2f30_0, 0, 2;
    %pushi/vec4 1, 0, 1;
    %store/vec4 v00000233650e48c0_0, 0, 1;
    %jmp T_0.7;
T_0.2 ;
    %pushi/vec4 0, 0, 1;
    %store/vec4 v00000233650e45a0_0, 0, 1;
    %pushi/vec4 0, 0, 1;
    %store/vec4 v00000233650e4640_0, 0, 1;
    %pushi/vec4 0, 0, 1;
    %store/vec4 v00000233650e46e0_0, 0, 1;
    %pushi/vec4 0, 0, 1;
    %store/vec4 v00000233651cbf10_0, 0, 1;
    %pushi/vec4 1, 0, 1;
    %store/vec4 v00000233650e4780_0, 0, 1;
    %pushi/vec4 1, 0, 2;
    %store/vec4 v00000233650b2f30_0, 0, 2;
    %pushi/vec4 0, 0, 1;
    %store/vec4 v00000233650e48c0_0, 0, 1;
    %jmp T_0.7;
T_0.3 ;
    %pushi/vec4 1, 0, 1;
    %store/vec4 v00000233650e45a0_0, 0, 1;
    %pushi/vec4 0, 0, 1;
    %store/vec4 v00000233650e4640_0, 0, 1;
    %pushi/vec4 0, 0, 1;
    %store/vec4 v00000233650e46e0_0, 0, 1;
    %pushi/vec4 1, 0, 1;
    %store/vec4 v00000233651cbf10_0, 0, 1;
    %pushi/vec4 0, 0, 1;
    %store/vec4 v00000233650e4780_0, 0, 1;
    %pushi/vec4 0, 0, 2;
    %store/vec4 v00000233650b2f30_0, 0, 2;
    %pushi/vec4 0, 0, 1;
    %store/vec4 v00000233650e48c0_0, 0, 1;
    %jmp T_0.7;
T_0.4 ;
    %vpi_call 2 62 "$finish" {0 0 0};
    %jmp T_0.7;
T_0.5 ;
    %vpi_call 2 64 "$finish" {0 0 0};
    %jmp T_0.7;
T_0.7 ;
    %pop/vec4 1;
    %jmp T_0;
    .thread T_0, $push;
# The file index is used to find the file name in the following table.
:file_names 3;
    "N/A";
    "<interactive>";
    "control.v";
