#! /c/Source/iverilog-install/bin/vvp
:ivl_version "12.0 (devel)" "(s20150603-1110-g18392a46)";
:ivl_delay_selection "TYPICAL";
:vpi_time_precision + 0;
:vpi_module "C:\iverilog\lib\ivl\system.vpi";
:vpi_module "C:\iverilog\lib\ivl\vhdl_sys.vpi";
:vpi_module "C:\iverilog\lib\ivl\vhdl_textio.vpi";
:vpi_module "C:\iverilog\lib\ivl\v2005_math.vpi";
:vpi_module "C:\iverilog\lib\ivl\va_math.vpi";
S_000001e86a0524d0 .scope module, "ALU" "ALU" 2 1;
 .timescale 0 0;
    .port_info 0 /INPUT 4 "operation";
    .port_info 1 /INPUT 32 "addend1";
    .port_info 2 /INPUT 32 "addend2";
    .port_info 3 /OUTPUT 1 "zero";
    .port_info 4 /OUTPUT 32 "result";
P_000001e86a052660 .param/l "ADD" 0 2 4, C4<0010>;
P_000001e86a052698 .param/l "AND" 0 2 2, C4<0000>;
P_000001e86a0526d0 .param/l "OR" 0 2 3, C4<0001>;
P_000001e86a052708 .param/l "REG_NUM_BITWIDTH" 0 2 9, +C4<00000000000000000000000000000101>;
P_000001e86a052740 .param/l "SLL" 0 2 7, C4<0100>;
P_000001e86a052778 .param/l "SRL" 0 2 8, C4<0101>;
P_000001e86a0527b0 .param/l "SUBTRACT" 0 2 5, C4<0110>;
P_000001e86a0527e8 .param/l "WORD_BITWIDTH" 0 2 10, +C4<00000000000000000000000000100000>;
P_000001e86a052820 .param/l "XOR" 0 2 6, C4<0011>;
L_000001e86a0cb8c8 .functor BUFT 1, C4<00000000000000000000000000000000>, C4<0>, C4<0>, C4<0>;
v000001e86a052ac0_0 .net/2u *"_ivl_0", 31 0, L_000001e86a0cb8c8;  1 drivers
o000001e86a088fe8 .functor BUFZ 32, C4<zzzzzzzzzzzzzzzzzzzzzzzzzzzzzzzz>; HiZ drive
v000001e86a052860_0 .net "addend1", 31 0, o000001e86a088fe8;  0 drivers
o000001e86a089018 .functor BUFZ 32, C4<zzzzzzzzzzzzzzzzzzzzzzzzzzzzzzzz>; HiZ drive
v000001e86a052900_0 .net "addend2", 31 0, o000001e86a089018;  0 drivers
o000001e86a089048 .functor BUFZ 4, C4<zzzz>; HiZ drive
v000001e86a1ebe10_0 .net "operation", 3 0, o000001e86a089048;  0 drivers
v000001e86a1ebeb0_0 .var "result", 31 0;
v000001e86a0cb820_0 .net "zero", 0 0, L_000001e86a083f40;  1 drivers
E_000001e86a1ee720 .event anyedge, v000001e86a1ebe10_0, v000001e86a052860_0, v000001e86a052900_0;
L_000001e86a083f40 .cmp/eq 32, v000001e86a1ebeb0_0, L_000001e86a0cb8c8;
    .scope S_000001e86a0524d0;
T_0 ;
    %wait E_000001e86a1ee720;
    %load/vec4 v000001e86a1ebe10_0;
    %dup/vec4;
    %pushi/vec4 0, 0, 4;
    %cmp/u;
    %jmp/1 T_0.0, 6;
    %dup/vec4;
    %pushi/vec4 1, 0, 4;
    %cmp/u;
    %jmp/1 T_0.1, 6;
    %dup/vec4;
    %pushi/vec4 2, 0, 4;
    %cmp/u;
    %jmp/1 T_0.2, 6;
    %dup/vec4;
    %pushi/vec4 6, 0, 4;
    %cmp/u;
    %jmp/1 T_0.3, 6;
    %dup/vec4;
    %pushi/vec4 3, 0, 4;
    %cmp/u;
    %jmp/1 T_0.4, 6;
    %dup/vec4;
    %pushi/vec4 4, 0, 4;
    %cmp/u;
    %jmp/1 T_0.5, 6;
    %dup/vec4;
    %pushi/vec4 5, 0, 4;
    %cmp/u;
    %jmp/1 T_0.6, 6;
    %pushi/vec4 0, 0, 32;
    %store/vec4 v000001e86a1ebeb0_0, 0, 32;
    %jmp T_0.8;
T_0.0 ;
    %load/vec4 v000001e86a052860_0;
    %load/vec4 v000001e86a052900_0;
    %and;
    %store/vec4 v000001e86a1ebeb0_0, 0, 32;
    %jmp T_0.8;
T_0.1 ;
    %load/vec4 v000001e86a052860_0;
    %load/vec4 v000001e86a052900_0;
    %or;
    %store/vec4 v000001e86a1ebeb0_0, 0, 32;
    %jmp T_0.8;
T_0.2 ;
    %load/vec4 v000001e86a052860_0;
    %load/vec4 v000001e86a052900_0;
    %add;
    %store/vec4 v000001e86a1ebeb0_0, 0, 32;
    %jmp T_0.8;
T_0.3 ;
    %load/vec4 v000001e86a052860_0;
    %load/vec4 v000001e86a052900_0;
    %sub;
    %store/vec4 v000001e86a1ebeb0_0, 0, 32;
    %jmp T_0.8;
T_0.4 ;
    %load/vec4 v000001e86a052860_0;
    %load/vec4 v000001e86a052900_0;
    %xor;
    %store/vec4 v000001e86a1ebeb0_0, 0, 32;
    %jmp T_0.8;
T_0.5 ;
    %load/vec4 v000001e86a052860_0;
    %ix/getv 4, v000001e86a052900_0;
    %shiftl 4;
    %store/vec4 v000001e86a1ebeb0_0, 0, 32;
    %jmp T_0.8;
T_0.6 ;
    %load/vec4 v000001e86a052860_0;
    %ix/getv 4, v000001e86a052900_0;
    %shiftr 4;
    %store/vec4 v000001e86a1ebeb0_0, 0, 32;
    %jmp T_0.8;
T_0.8 ;
    %pop/vec4 1;
    %jmp T_0;
    .thread T_0, $push;
# The file index is used to find the file name in the following table.
:file_names 3;
    "N/A";
    "<interactive>";
    "alu.v";
