#! /c/Source/iverilog-install/bin/vvp
:ivl_version "12.0 (devel)" "(s20150603-1110-g18392a46)";
:ivl_delay_selection "TYPICAL";
:vpi_time_precision - 9;
:vpi_module "C:\iverilog\lib\ivl\system.vpi";
:vpi_module "C:\iverilog\lib\ivl\vhdl_sys.vpi";
:vpi_module "C:\iverilog\lib\ivl\vhdl_textio.vpi";
:vpi_module "C:\iverilog\lib\ivl\v2005_math.vpi";
:vpi_module "C:\iverilog\lib\ivl\va_math.vpi";
S_00000162990dca80 .scope module, "alu_tb" "alu_tb" 2 3;
 .timescale -9 -9;
P_00000162993a57d0 .param/l "AND" 1 2 6, C4<0000>;
v0000016299382780_0 .var "addend1", 63 0;
v0000016299382820_0 .var "addend2", 63 0;
v00000162993828c0_0 .var "operation", 3 0;
v0000016299382960_0 .net "result", 63 0, v00000162993b4650_0;  1 drivers
v0000016299382a00_0 .net "zero", 0 0, L_0000016299382aa0;  1 drivers
S_00000162993a7020 .scope module, "alu" "ALU" 2 15, 3 1 0, S_00000162990dca80;
 .timescale -9 -9;
    .port_info 0 /INPUT 4 "operation";
    .port_info 1 /INPUT 64 "addend1";
    .port_info 2 /INPUT 64 "addend2";
    .port_info 3 /OUTPUT 1 "zero";
    .port_info 4 /OUTPUT 64 "result";
P_00000162990dad30 .param/l "ADD" 0 3 11, C4<0010>;
P_00000162990dad68 .param/l "AND" 0 3 9, C4<0000>;
P_00000162990dada0 .param/l "OR" 0 3 10, C4<0001>;
P_00000162990dadd8 .param/l "SUBTRACT" 0 3 12, C4<0110>;
L_00000162993ff858 .functor BUFT 1, C4<0000000000000000000000000000000000000000000000000000000000000000>, C4<0>, C4<0>, C4<0>;
v00000162993a71b0_0 .net/2u *"_ivl_0", 63 0, L_00000162993ff858;  1 drivers
v00000162993b6710_0 .net "addend1", 63 0, v0000016299382780_0;  1 drivers
v00000162993b4510_0 .net "addend2", 63 0, v0000016299382820_0;  1 drivers
v00000162993b45b0_0 .net "operation", 3 0, v00000162993828c0_0;  1 drivers
v00000162993b4650_0 .var "result", 63 0;
v00000162993b46f0_0 .net "zero", 0 0, L_0000016299382aa0;  alias, 1 drivers
E_00000162993a5bd0 .event anyedge, v00000162993b45b0_0, v00000162993b6710_0, v00000162993b4510_0;
L_0000016299382aa0 .cmp/eq 64, v00000162993b4650_0, L_00000162993ff858;
    .scope S_00000162993a7020;
T_0 ;
    %wait E_00000162993a5bd0;
    %load/vec4 v00000162993b45b0_0;
    %dup/vec4;
    %pushi/vec4 0, 0, 4;
    %cmp/u;
    %jmp/1 T_0.0, 6;
    %dup/vec4;
    %pushi/vec4 1, 0, 4;
    %cmp/u;
    %jmp/1 T_0.1, 6;
    %dup/vec4;
    %pushi/vec4 2, 0, 4;
    %cmp/u;
    %jmp/1 T_0.2, 6;
    %dup/vec4;
    %pushi/vec4 6, 0, 4;
    %cmp/u;
    %jmp/1 T_0.3, 6;
    %pushi/vec4 0, 0, 64;
    %store/vec4 v00000162993b4650_0, 0, 64;
    %jmp T_0.5;
T_0.0 ;
    %load/vec4 v00000162993b6710_0;
    %load/vec4 v00000162993b4510_0;
    %and;
    %store/vec4 v00000162993b4650_0, 0, 64;
    %jmp T_0.5;
T_0.1 ;
    %load/vec4 v00000162993b6710_0;
    %load/vec4 v00000162993b4510_0;
    %or;
    %store/vec4 v00000162993b4650_0, 0, 64;
    %jmp T_0.5;
T_0.2 ;
    %load/vec4 v00000162993b6710_0;
    %load/vec4 v00000162993b4510_0;
    %add;
    %store/vec4 v00000162993b4650_0, 0, 64;
    %jmp T_0.5;
T_0.3 ;
    %load/vec4 v00000162993b6710_0;
    %load/vec4 v00000162993b4510_0;
    %sub;
    %store/vec4 v00000162993b4650_0, 0, 64;
    %jmp T_0.5;
T_0.5 ;
    %pop/vec4 1;
    %jmp T_0;
    .thread T_0, $push;
    .scope S_00000162990dca80;
T_1 ;
    %vpi_call 2 25 "$dumpfile", "wave.vcd" {0 0 0};
    %vpi_call 2 26 "$dumpvars", 32'sb00000000000000000000000000000000, v00000162993828c0_0, v0000016299382780_0, v0000016299382820_0, v0000016299382a00_0, v0000016299382960_0 {0 0 0};
    %pushi/vec4 0, 0, 4;
    %store/vec4 v00000162993828c0_0, 0, 4;
    %pushi/vec4 6879870, 0, 64;
    %store/vec4 v0000016299382780_0, 0, 64;
    %pushi/vec4 89078664, 0, 64;
    %store/vec4 v0000016299382820_0, 0, 64;
    %delay 2, 0;
    %pushi/vec4 0, 0, 4;
    %store/vec4 v00000162993828c0_0, 0, 4;
    %delay 100, 0;
    %end;
    .thread T_1;
    .scope S_00000162990dca80;
T_2 ;
    %vpi_call 2 34 "$monitor", "%t,%b,%b,%b,%b,%b", $time, v00000162993828c0_0, v0000016299382780_0, v0000016299382820_0, v0000016299382a00_0, v0000016299382960_0 {0 0 0};
    %end;
    .thread T_2;
# The file index is used to find the file name in the following table.
:file_names 4;
    "N/A";
    "<interactive>";
    "alu_tb.v";
    "./alu.v";
